{"logTime": "0906/033852", "correlationVector":"ozv8LaL9in630oQ46uhea9.0","action":"FeedSettingFetch_homeCloud", "result":"0", "context":{}}
{"logTime": "0906/033852", "correlationVector":"ozv8LaL9in630oQ46uhea9.0","action":"SyncServerConnectionManagerRequest", "result":"SYNC_SERVER_OK", "context":{"environment":"", "server":""}}
{"logTime": "0906/033852", "correlationVector":"xxDFWLJZQ7NOV91p/6eBjv.1","action":"SyncServerConnectionManagerRequest", "result":"SYNC_SERVER_OK", "context":{"environment":"Prod_SoutheastAsia", "server":"GENERAL01000012"}}
{"logTime": "0906/033852", "correlationVector":"xxDFWLJZQ7NOV91p/6eBjv","action":"Initial GetUpdates", "result":""}
{"logTime": "0906/033852", "correlationVector":"xxDFWLJZQ7NOV91p/6eBjv.2","action":"GetUpdates Response", "result":"SYNCER_OK"}
{"logTime": "0906/033853", "correlationVector":"RlBEHcLOLD9CA9p1NhUfAW","action":"Initial GetUpdates", "result":""}
{"logTime": "0906/033853", "correlationVector":"RlBEHcLOLD9CA9p1NhUfAW.1","action":"SyncServerConnectionManagerRequest", "result":"SYNC_SERVER_OK", "context":{"environment":"Prod_SoutheastAsia", "server":"GENERAL0100001G"}}
{"logTime": "0906/033853", "correlationVector":"RlBEHcLOLD9CA9p1NhUfAW.2","action":"GetUpdates Response", "result":"SYNCER_OK"}
{"logTime": "0906/033853", "correlationVector":"2w62onylYunp1n6iECdjIO","action":"Normal GetUpdate request", "result":""}
{"logTime": "0906/033853", "correlationVector":"2w62onylYunp1n6iECdjIO.1","action":"SyncServerConnectionManagerRequest", "result":"SYNC_SERVER_OK", "context":{"environment":"Prod_SoutheastAsia", "server":"GENERAL0100000C"}}
{"logTime": "0906/033853", "correlationVector":"2w62onylYunp1n6iECdjIO.2","action":"GetUpdates Response", "result":"SYNCER_OK"}
{"logTime": "0906/033853", "correlationVector":"W6sg3BSBYxqlMTXt9F5QKO","action":"Commit Request", "result":""}
{"logTime": "0906/033853", "correlationVector":"W6sg3BSBYxqlMTXt9F5QKO.1","action":"SyncServerConnectionManagerRequest", "result":"SYNC_SERVER_OK", "context":{"environment":"Prod_SoutheastAsia", "server":"GENERAL0100001C"}}
{"logTime": "0906/033853", "correlationVector":"W6sg3BSBYxqlMTXt9F5QKO.2","action":"Commit Response", "result":"SYNCER_OK"}
{"logTime": "0906/033853", "correlationVector":"AcSUESPfkYFOirqGRA6J2H","action":"Commit Request", "result":""}
{"logTime": "0906/033853", "correlationVector":"AcSUESPfkYFOirqGRA6J2H.1","action":"SyncServerConnectionManagerRequest", "result":"SYNC_SERVER_OK", "context":{"environment":"Prod_SoutheastAsia", "server":"GENERAL0100000G"}}
{"logTime": "0906/033853", "correlationVector":"AcSUESPfkYFOirqGRA6J2H.2","action":"Commit Response", "result":"SYNCER_OK"}
{"logTime": "0913/015522", "correlationVector":"OPHPCyKN3fdZHhhQbBUz0X.0","action":"FeedSettingFetch_homeCloud", "result":"0", "context":{}}
{"logTime": "0913/015522", "correlationVector":"OPHPCyKN3fdZHhhQbBUz0X.0","action":"SyncServerConnectionManagerRequest", "result":"SYNC_SERVER_OK", "context":{"environment":"", "server":""}}
{"logTime": "0913/015522", "correlationVector":"+lXQd6lMI6T03RgVmycWNR.1","action":"SyncServerConnectionManagerRequest", "result":"SYNC_SERVER_OK", "context":{"environment":"Prod_SoutheastAsia", "server":"GENERAL01000004"}}
{"logTime": "0913/015522", "correlationVector":"+lXQd6lMI6T03RgVmycWNR","action":"Initial GetUpdates", "result":"", "context":Reason: NEW_CLIENT. cV=+lXQd6lMI6T03RgVmycWNR}
{"logTime": "0913/015522", "correlationVector":"+lXQd6lMI6T03RgVmycWNR.2","action":"GetUpdates Response", "result":"SYNCER_OK", "context":Received 1 update(s). cV=+lXQd6lMI6T03RgVmycWNR.0;server=GENERAL01000004;cloudType=Consumer;environment=Prod_SoutheastAsia}
{"logTime": "0913/015523", "correlationVector":"klciIfRXK5YBB1h0E/xNiU","action":"Normal GetUpdate request", "result":"", "context":cV=klciIfRXK5YBB1h0E/xNiU
Nudged types: Device Info
Refresh requested types: Device Info, User Consents, Send Tab To Self, Encryption Keys}
{"logTime": "0913/015523", "correlationVector":"klciIfRXK5YBB1h0E/xNiU.1","action":"SyncServerConnectionManagerRequest", "result":"SYNC_SERVER_OK", "context":{"environment":"Prod_SoutheastAsia", "server":"GENERAL01000000"}}
{"logTime": "0913/015524", "correlationVector":"klciIfRXK5YBB1h0E/xNiU.2","action":"GetUpdates Response", "result":"SYNCER_OK", "context":Received 3 update(s). cV=klciIfRXK5YBB1h0E/xNiU.0;server=GENERAL01000000;cloudType=Consumer;environment=Prod_SoutheastAsia}
{"logTime": "0913/015524", "correlationVector":"o9iagZDAT/n9xzYFGyI06O","action":"Commit Request", "result":"", "context":Item count: 1
Contributing types: Device Info}
{"logTime": "0913/015524", "correlationVector":"o9iagZDAT/n9xzYFGyI06O.1","action":"SyncServerConnectionManagerRequest", "result":"SYNC_SERVER_OK", "context":{"environment":"Prod_SoutheastAsia", "server":"GENERAL0100001G"}}
{"logTime": "0913/015524", "correlationVector":"o9iagZDAT/n9xzYFGyI06O.2","action":"Commit Response", "result":"SYNCER_OK", "context":Result: SYNCER_OK. cV=o9iagZDAT/n9xzYFGyI06O.0;server=GENERAL0100001G;cloudType=Consumer;environment=Prod_SoutheastAsia}
{"logTime": "0913/020633", "correlationVector":"INVALID_CV","action":"FeedSettingFetch_homeCloud", "result":"4", "context":{"status_code":"3", "status_message":"Network Error: net::ERR_NAME_NOT_RESOLVED"}}
{"logTime": "0913/020633", "correlationVector":"INVALID_CV","action":"FeedSettingFetch_homeCloud", "result":"4", "context":{"status_code":"3", "status_message":"Network Error: net::ERR_NAME_NOT_RESOLVED"}}
{"logTime": "0913/020633", "correlationVector":"INVALID_CV","action":"FeedSettingFetch_homeCloud", "result":"4", "context":{"status_code":"3", "status_message":"Network Error: net::ERR_NAME_NOT_RESOLVED"}}
{"logTime": "0913/020633", "correlationVector":"/ya5LC45thaxYQSmKFQiPw.0","action":"FeedSettingFetch_homeCloud", "result":"0", "context":{}}
{"logTime": "0913/020649", "correlationVector":"7yW0/pfjo/z1J2pYCSnNWt","action":"SyncServerConnectionManagerRequest", "result":"CONNECTION_UNAVAILABLE", "context":{"error_type":"net_error_code", "error_value":"-106"}}
{"logTime": "0913/020649", "correlationVector":"Wnmg5xqCS6Qx5DNxxssfam","action":"SyncServerConnectionManagerRequest", "result":"CONNECTION_UNAVAILABLE", "context":{"error_type":"net_error_code", "error_value":"-106"}}
{"logTime": "0913/020729", "correlationVector":"QoMO3oypUe0uAY7KNv9L5F","action":"SyncServerConnectionManagerRequest", "result":"CONNECTION_UNAVAILABLE", "context":{"error_type":"net_error_code", "error_value":"-101"}}
{"logTime": "0913/020818", "correlationVector":"7/riFKJCQAm+u1/C+RuP1K","action":"SyncServerConnectionManagerRequest", "result":"CONNECTION_UNAVAILABLE", "context":{"error_type":"net_error_code", "error_value":"-101"}}
{"logTime": "0913/020830", "correlationVector":"tBu+cs+N6IjPDfPm4vVk9G.0","action":"SyncServerConnectionManagerRequest", "result":"CONNECTION_UNAVAILABLE", "context":{"error_type":"net_error_code", "error_value":"-21"}}
{"logTime": "0913/020836", "correlationVector":"KHEweQhzWzWLgCiCyeYIoh.1","action":"SyncServerConnectionManagerRequest", "result":"SYNC_SERVER_OK", "context":{"environment":"Prod_SoutheastAsia", "server":"GENERAL0100000E"}}
{"logTime": "0913/020836", "correlationVector":"QoMO3oypUe0uAY7KNv9L5F","action":"Initial GetUpdates", "result":"", "context":Reason: NEW_CLIENT. cV=QoMO3oypUe0uAY7KNv9L5F}
{"logTime": "0913/020836", "correlationVector":"PYAVdFBNx3KyMuaoA38c1k.0","action":"GetUpdates Response", "result":"NETWORK_ERROR_TRANSPORT (ERR_CONNECTION_RESET)", "context":Received 0 update(s).  Some updates remain. }
{"logTime": "0913/020836", "correlationVector":"7/riFKJCQAm+u1/C+RuP1K","action":"Initial GetUpdates", "result":"", "context":Reason: NEW_CLIENT. cV=7/riFKJCQAm+u1/C+RuP1K}
{"logTime": "0913/020836", "correlationVector":"tBu+cs+N6IjPDfPm4vVk9G.0","action":"GetUpdates Response", "result":"NETWORK_ERROR_TRANSPORT (ERR_CONNECTION_RESET)", "context":Received 0 update(s).  Some updates remain. }
{"logTime": "0913/020836", "correlationVector":"KHEweQhzWzWLgCiCyeYIoh","action":"Initial GetUpdates", "result":"", "context":Reason: NEW_CLIENT. cV=KHEweQhzWzWLgCiCyeYIoh}
{"logTime": "0913/020836", "correlationVector":"KHEweQhzWzWLgCiCyeYIoh.2","action":"GetUpdates Response", "result":"SYNCER_OK", "context":Received 1 update(s). cV=KHEweQhzWzWLgCiCyeYIoh.0;server=GENERAL0100000E;cloudType=Consumer;environment=Prod_SoutheastAsia}
{"logTime": "0913/020838", "correlationVector":"F8ZktrMpNqKPd5HxMtFEPS","action":"SyncServerConnectionManagerRequest", "result":"SYNC_SERVER_OK", "context":{"environment":"", "server":""}}
{"logTime": "0913/020838", "correlationVector":"WQLAboNOtoRFrVDuf1AyTN","action":"Normal GetUpdate request", "result":"", "context":cV=WQLAboNOtoRFrVDuf1AyTN
Refresh requested types: Device Info, User Consents, Send Tab To Self, Encryption Keys}
{"logTime": "0913/020838", "correlationVector":"WQLAboNOtoRFrVDuf1AyTN.1","action":"SyncServerConnectionManagerRequest", "result":"SYNC_SERVER_OK", "context":{"environment":"Prod_SoutheastAsia", "server":"GENERAL0100000D"}}
{"logTime": "0913/020838", "correlationVector":"WQLAboNOtoRFrVDuf1AyTN.2","action":"GetUpdates Response", "result":"SYNCER_OK", "context":Received 1 update(s). cV=WQLAboNOtoRFrVDuf1AyTN.0;server=GENERAL0100000D;cloudType=Consumer;environment=Prod_SoutheastAsia}
{"logTime": "0913/020838", "correlationVector":"lkXN66bSZKHx9m1ajObn2o","action":"Normal GetUpdate request", "result":"", "context":cV=lkXN66bSZKHx9m1ajObn2o
Refresh requested types: Device Info, User Consents, Send Tab To Self, Encryption Keys}
{"logTime": "0913/020839", "correlationVector":"lkXN66bSZKHx9m1ajObn2o.1","action":"SyncServerConnectionManagerRequest", "result":"SYNC_SERVER_OK", "context":{"environment":"Prod_SoutheastAsia", "server":"GENERAL0100000D"}}
{"logTime": "0913/020839", "correlationVector":"lkXN66bSZKHx9m1ajObn2o.2","action":"GetUpdates Response", "result":"SYNCER_OK", "context":Received 0 update(s). cV=lkXN66bSZKHx9m1ajObn2o.0;server=GENERAL0100000D;cloudType=Consumer;environment=Prod_SoutheastAsia}
{"logTime": "0913/021232", "correlationVector":"8FxKLvUk59iAPVvLbyEQPg","action":"Poll GetUpdate request", "result":"", "context":cV=8FxKLvUk59iAPVvLbyEQPg}
{"logTime": "0913/021243", "correlationVector":"8FxKLvUk59iAPVvLbyEQPg","action":"SyncServerConnectionManagerRequest", "result":"CONNECTION_UNAVAILABLE", "context":{"error_type":"net_error_code", "error_value":"-21"}}
{"logTime": "0913/021243", "correlationVector":"27gU1Hgnw0zafd4SFCltWw.0","action":"GetUpdates Response", "result":"NETWORK_ERROR_TRANSPORT (ERR_NETWORK_CHANGED)", "context":Received 0 update(s).  Some updates remain. }
{"logTime": "0913/021245", "correlationVector":"Lz81diqsswr/kRTtonvzG4","action":"Poll GetUpdate request", "result":"", "context":cV=Lz81diqsswr/kRTtonvzG4}
{"logTime": "0913/021246", "correlationVector":"Lz81diqsswr/kRTtonvzG4.1","action":"SyncServerConnectionManagerRequest", "result":"SYNC_SERVER_OK", "context":{"environment":"Prod_SoutheastAsia", "server":"GENERAL01000016"}}
{"logTime": "0913/021246", "correlationVector":"Lz81diqsswr/kRTtonvzG4.2","action":"GetUpdates Response", "result":"SYNCER_OK", "context":Received 0 update(s). cV=Lz81diqsswr/kRTtonvzG4.0;server=GENERAL01000016;cloudType=Consumer;environment=Prod_SoutheastAsia}
{"logTime": "0913/023541", "correlationVector":"7cssERM0xAzfKXfY6RYESS.0","action":"FeedSettingFetch_homeCloud", "result":"0", "context":{}}
{"logTime": "0913/023541", "correlationVector":"Stc/8qezhWrLyzVrH5ijbZ.1","action":"SyncServerConnectionManagerRequest", "result":"SYNC_SERVER_OK", "context":{"environment":"Prod_SoutheastAsia", "server":"GENERAL01000001"}}
{"logTime": "0913/023541", "correlationVector":"Stc/8qezhWrLyzVrH5ijbZ","action":"Initial GetUpdates", "result":"", "context":Reason: NEW_CLIENT. cV=Stc/8qezhWrLyzVrH5ijbZ}
{"logTime": "0913/023541", "correlationVector":"Stc/8qezhWrLyzVrH5ijbZ.2","action":"GetUpdates Response", "result":"SYNCER_OK", "context":Received 1 update(s). cV=Stc/8qezhWrLyzVrH5ijbZ.0;server=GENERAL01000001;cloudType=Consumer;environment=Prod_SoutheastAsia}
{"logTime": "0913/023541", "correlationVector":"t2uMCDWfXTO4X2dQqc/Mnd","action":"SyncServerConnectionManagerRequest", "result":"SYNC_SERVER_OK", "context":{"environment":"", "server":""}}
{"logTime": "0913/023541", "correlationVector":"65aOrBkIxPcyW8wKWleY2f","action":"Normal GetUpdate request", "result":"", "context":cV=65aOrBkIxPcyW8wKWleY2f
Refresh requested types: Device Info, User Consents, Send Tab To Self, Encryption Keys}
{"logTime": "0913/023542", "correlationVector":"65aOrBkIxPcyW8wKWleY2f.1","action":"SyncServerConnectionManagerRequest", "result":"SYNC_SERVER_OK", "context":{"environment":"Prod_SoutheastAsia", "server":"GENERAL0100000R"}}
{"logTime": "0913/023543", "correlationVector":"65aOrBkIxPcyW8wKWleY2f.2","action":"GetUpdates Response", "result":"SYNCER_OK", "context":Received 0 update(s). cV=65aOrBkIxPcyW8wKWleY2f.0;server=GENERAL0100000R;cloudType=Consumer;environment=Prod_SoutheastAsia}
{"logTime": "0913/023543", "correlationVector":"wSUS2MZq+8/B3D/Wl6CHpe","action":"Normal GetUpdate request", "result":"", "context":cV=wSUS2MZq+8/B3D/Wl6CHpe
Refresh requested types: Device Info, User Consents, Send Tab To Self, Encryption Keys}
{"logTime": "0913/023543", "correlationVector":"wSUS2MZq+8/B3D/Wl6CHpe.1","action":"SyncServerConnectionManagerRequest", "result":"SYNC_SERVER_OK", "context":{"environment":"Prod_SoutheastAsia", "server":"GENERAL0100000D"}}
{"logTime": "0913/023543", "correlationVector":"wSUS2MZq+8/B3D/Wl6CHpe.2","action":"GetUpdates Response", "result":"SYNCER_OK", "context":Received 0 update(s). cV=wSUS2MZq+8/B3D/Wl6CHpe.0;server=GENERAL0100000D;cloudType=Consumer;environment=Prod_SoutheastAsia}
{"logTime": "0913/035818", "correlationVector":"I4slgy3rKMmnQMO/ZmeKCN.0","action":"FeedSettingFetch_homeCloud", "result":"0", "context":{}}
{"logTime": "0913/035818", "correlationVector":"bLxZy6dzMQRFYJSln1FYCX.1","action":"SyncServerConnectionManagerRequest", "result":"SYNC_SERVER_OK", "context":{"environment":"Prod_SoutheastAsia", "server":"GENERAL0100000J"}}
{"logTime": "0913/035818", "correlationVector":"bLxZy6dzMQRFYJSln1FYCX","action":"Initial GetUpdates", "result":"", "context":Reason: NEW_CLIENT. cV=bLxZy6dzMQRFYJSln1FYCX}
{"logTime": "0913/035818", "correlationVector":"bLxZy6dzMQRFYJSln1FYCX.2","action":"GetUpdates Response", "result":"SYNCER_OK", "context":Received 1 update(s). cV=bLxZy6dzMQRFYJSln1FYCX.0;server=GENERAL0100000J;cloudType=Consumer;environment=Prod_SoutheastAsia}
{"logTime": "0913/035818", "correlationVector":"rjCBILZk+/p1baOMFPmHvR","action":"SyncServerConnectionManagerRequest", "result":"SYNC_SERVER_OK", "context":{"environment":"", "server":""}}
{"logTime": "0913/035818", "correlationVector":"+ZQl8JepX9lSNs5DjM70EA","action":"Normal GetUpdate request", "result":"", "context":cV=+ZQl8JepX9lSNs5DjM70EA
Refresh requested types: Device Info, User Consents, Send Tab To Self, Encryption Keys}
{"logTime": "0913/035818", "correlationVector":"+ZQl8JepX9lSNs5DjM70EA.1","action":"SyncServerConnectionManagerRequest", "result":"SYNC_SERVER_OK", "context":{"environment":"Prod_SoutheastAsia", "server":"GENERAL01000014"}}
{"logTime": "0913/035818", "correlationVector":"+ZQl8JepX9lSNs5DjM70EA.2","action":"GetUpdates Response", "result":"SYNCER_OK", "context":Received 0 update(s). cV=+ZQl8JepX9lSNs5DjM70EA.0;server=GENERAL01000014;cloudType=Consumer;environment=Prod_SoutheastAsia}
{"logTime": "0913/035818", "correlationVector":"2pnDyEGIXX12ZuLk/7WC0d","action":"Normal GetUpdate request", "result":"", "context":cV=2pnDyEGIXX12ZuLk/7WC0d
Refresh requested types: Device Info, User Consents, Send Tab To Self, Encryption Keys}
{"logTime": "0913/035818", "correlationVector":"2pnDyEGIXX12ZuLk/7WC0d.1","action":"SyncServerConnectionManagerRequest", "result":"SYNC_SERVER_OK", "context":{"environment":"Prod_SoutheastAsia", "server":"GENERAL01000002"}}
{"logTime": "0913/035818", "correlationVector":"2pnDyEGIXX12ZuLk/7WC0d.2","action":"GetUpdates Response", "result":"SYNCER_OK", "context":Received 0 update(s). cV=2pnDyEGIXX12ZuLk/7WC0d.0;server=GENERAL01000002;cloudType=Consumer;environment=Prod_SoutheastAsia}
{"logTime": "0920/020359", "correlationVector":"rzi75yrmJ28lP19D6YzZUY.0","action":"FeedSettingFetch_homeCloud", "result":"0", "context":{}}
{"logTime": "0920/020359", "correlationVector":"rzi75yrmJ28lP19D6YzZUY.0","action":"SyncServerConnectionManagerRequest", "result":"SYNC_SERVER_OK", "context":{"environment":"", "server":""}}
{"logTime": "0920/020359", "correlationVector":"4pLkTyOc0U07T1iGKSzSwZ.1","action":"SyncServerConnectionManagerRequest", "result":"SYNC_SERVER_OK", "context":{"environment":"Prod_SoutheastAsia", "server":"GENERAL0100000H"}}
{"logTime": "0920/020359", "correlationVector":"4pLkTyOc0U07T1iGKSzSwZ","action":"Initial GetUpdates", "result":"", "context":Reason: NEW_CLIENT. cV=4pLkTyOc0U07T1iGKSzSwZ}
{"logTime": "0920/020359", "correlationVector":"4pLkTyOc0U07T1iGKSzSwZ.2","action":"GetUpdates Response", "result":"SYNCER_OK", "context":Received 1 update(s). cV=4pLkTyOc0U07T1iGKSzSwZ.0;server=GENERAL0100000H;cloudType=Consumer;environment=Prod_SoutheastAsia}
{"logTime": "0920/020359", "correlationVector":"Ssq3320+JoI8q1tIB2lyxz","action":"Normal GetUpdate request", "result":"", "context":cV=Ssq3320+JoI8q1tIB2lyxz
Nudged types: Device Info
Refresh requested types: Device Info, User Consents, Send Tab To Self, Encryption Keys}
{"logTime": "0920/020359", "correlationVector":"Ssq3320+JoI8q1tIB2lyxz.1","action":"SyncServerConnectionManagerRequest", "result":"SYNC_SERVER_OK", "context":{"environment":"Prod_SoutheastAsia", "server":"GENERAL01000008"}}
{"logTime": "0920/020400", "correlationVector":"Ssq3320+JoI8q1tIB2lyxz.2","action":"GetUpdates Response", "result":"SYNCER_OK", "context":Received 1 update(s). cV=Ssq3320+JoI8q1tIB2lyxz.0;server=GENERAL01000008;cloudType=Consumer;environment=Prod_SoutheastAsia}
{"logTime": "0920/020400", "correlationVector":"K5ViLHejyWm3KU3Su0ESMc","action":"Commit Request", "result":"", "context":Item count: 1
Contributing types: Device Info}
{"logTime": "0920/020400", "correlationVector":"K5ViLHejyWm3KU3Su0ESMc.1","action":"SyncServerConnectionManagerRequest", "result":"SYNC_SERVER_OK", "context":{"environment":"Prod_SoutheastAsia", "server":"GENERAL0100001H"}}
{"logTime": "0920/020400", "correlationVector":"K5ViLHejyWm3KU3Su0ESMc.2","action":"Commit Response", "result":"SYNCER_OK", "context":Result: SYNCER_OK. cV=K5ViLHejyWm3KU3Su0ESMc.0;server=GENERAL0100001H;cloudType=Consumer;environment=Prod_SoutheastAsia}
{"logTime": "0920/021913", "correlationVector":"0IWeTjTAIcV7QjYWT1IOGE.0","action":"FeedSettingFetch_homeCloud", "result":"0", "context":{}}
{"logTime": "0920/021914", "correlationVector":"FCdn3wMnhB6vlzFfZpvsJG.1","action":"SyncServerConnectionManagerRequest", "result":"SYNC_SERVER_OK", "context":{"environment":"Prod_SoutheastAsia", "server":"GENERAL0100000Y"}}
{"logTime": "0920/021914", "correlationVector":"FCdn3wMnhB6vlzFfZpvsJG","action":"Initial GetUpdates", "result":"", "context":Reason: NEW_CLIENT. cV=FCdn3wMnhB6vlzFfZpvsJG}
{"logTime": "0920/021914", "correlationVector":"FCdn3wMnhB6vlzFfZpvsJG.2","action":"GetUpdates Response", "result":"SYNCER_OK", "context":Received 1 update(s). cV=FCdn3wMnhB6vlzFfZpvsJG.0;server=GENERAL0100000Y;cloudType=Consumer;environment=Prod_SoutheastAsia}
{"logTime": "0920/021914", "correlationVector":"aR8o01huJYwQjOMk0meF3C","action":"Normal GetUpdate request", "result":"", "context":cV=aR8o01huJYwQjOMk0meF3C
Refresh requested types: Device Info, User Consents, Send Tab To Self, Encryption Keys}
{"logTime": "0920/021914", "correlationVector":"aR8o01huJYwQjOMk0meF3C.1","action":"SyncServerConnectionManagerRequest", "result":"SYNC_SERVER_OK", "context":{"environment":"Prod_SoutheastAsia", "server":"GENERAL01000005"}}
{"logTime": "0920/021914", "correlationVector":"aR8o01huJYwQjOMk0meF3C.2","action":"GetUpdates Response", "result":"SYNCER_OK", "context":Received 1 update(s). cV=aR8o01huJYwQjOMk0meF3C.0;server=GENERAL01000005;cloudType=Consumer;environment=Prod_SoutheastAsia}
{"logTime": "0920/022839", "correlationVector":"uZgDbcnqUuZOvq1DNej/g+.0","action":"FeedSettingFetch_homeCloud", "result":"0", "context":{}}
{"logTime": "0920/022839", "correlationVector":"LSVxaD2+gJSjJechZxmFGB.1","action":"SyncServerConnectionManagerRequest", "result":"SYNC_SERVER_OK", "context":{"environment":"Prod_SoutheastAsia", "server":"GENERAL0100000U"}}
{"logTime": "0920/022839", "correlationVector":"LSVxaD2+gJSjJechZxmFGB","action":"Initial GetUpdates", "result":"", "context":Reason: NEW_CLIENT. cV=LSVxaD2+gJSjJechZxmFGB}
{"logTime": "0920/022839", "correlationVector":"LSVxaD2+gJSjJechZxmFGB.2","action":"GetUpdates Response", "result":"SYNCER_OK", "context":Received 1 update(s). cV=LSVxaD2+gJSjJechZxmFGB.0;server=GENERAL0100000U;cloudType=Consumer;environment=Prod_SoutheastAsia}
{"logTime": "0920/022839", "correlationVector":"9o4OCq90hnX892GMiMJIYb","action":"Normal GetUpdate request", "result":"", "context":cV=9o4OCq90hnX892GMiMJIYb
Refresh requested types: Device Info, User Consents, Send Tab To Self, Encryption Keys}
{"logTime": "0920/022839", "correlationVector":"9o4OCq90hnX892GMiMJIYb.1","action":"SyncServerConnectionManagerRequest", "result":"SYNC_SERVER_OK", "context":{"environment":"Prod_SoutheastAsia", "server":"GENERAL0100001B"}}
{"logTime": "0920/022839", "correlationVector":"9o4OCq90hnX892GMiMJIYb.2","action":"GetUpdates Response", "result":"SYNCER_OK", "context":Received 0 update(s). cV=9o4OCq90hnX892GMiMJIYb.0;server=GENERAL0100001B;cloudType=Consumer;environment=Prod_SoutheastAsia}
{"logTime": "0920/033642", "correlationVector":"tCJ4TQdmF+eZDrxW7307NT.0","action":"FeedSettingFetch_homeCloud", "result":"0", "context":{}}
{"logTime": "0920/033642", "correlationVector":"eLncj7O/cnmtuR20Pc1P9+.1","action":"SyncServerConnectionManagerRequest", "result":"SYNC_SERVER_OK", "context":{"environment":"Prod_SoutheastAsia", "server":"GENERAL0100000F"}}
{"logTime": "0920/033642", "correlationVector":"eLncj7O/cnmtuR20Pc1P9+","action":"Initial GetUpdates", "result":"", "context":Reason: NEW_CLIENT. cV=eLncj7O/cnmtuR20Pc1P9+}
{"logTime": "0920/033642", "correlationVector":"eLncj7O/cnmtuR20Pc1P9+.2","action":"GetUpdates Response", "result":"SYNCER_OK", "context":Received 1 update(s). cV=eLncj7O/cnmtuR20Pc1P9+.0;server=GENERAL0100000F;cloudType=Consumer;environment=Prod_SoutheastAsia}
{"logTime": "0920/033642", "correlationVector":"a7h3/jCZb4naRYuVCdfUDI","action":"SyncServerConnectionManagerRequest", "result":"SYNC_SERVER_OK", "context":{"environment":"", "server":""}}
{"logTime": "0920/033643", "correlationVector":"nyA8zMxiqH7xVQ9740i2X5","action":"Normal GetUpdate request", "result":"", "context":cV=nyA8zMxiqH7xVQ9740i2X5
Refresh requested types: Device Info, User Consents, Send Tab To Self, Encryption Keys}
{"logTime": "0920/033643", "correlationVector":"nyA8zMxiqH7xVQ9740i2X5.1","action":"SyncServerConnectionManagerRequest", "result":"SYNC_SERVER_OK", "context":{"environment":"Prod_SoutheastAsia", "server":"GENERAL0100001J"}}
{"logTime": "0920/033643", "correlationVector":"nyA8zMxiqH7xVQ9740i2X5.2","action":"GetUpdates Response", "result":"SYNCER_OK", "context":Received 0 update(s). cV=nyA8zMxiqH7xVQ9740i2X5.0;server=GENERAL0100001J;cloudType=Consumer;environment=Prod_SoutheastAsia}
{"logTime": "0920/033643", "correlationVector":"7YPG0Jirxn+jpHKzFA84Tc","action":"Normal GetUpdate request", "result":"", "context":cV=7YPG0Jirxn+jpHKzFA84Tc
Refresh requested types: Device Info, User Consents, Send Tab To Self, Encryption Keys}
{"logTime": "0920/033643", "correlationVector":"7YPG0Jirxn+jpHKzFA84Tc.1","action":"SyncServerConnectionManagerRequest", "result":"SYNC_SERVER_OK", "context":{"environment":"Prod_SoutheastAsia", "server":"GENERAL0100000Z"}}
{"logTime": "0920/033643", "correlationVector":"7YPG0Jirxn+jpHKzFA84Tc.2","action":"GetUpdates Response", "result":"SYNCER_OK", "context":Received 0 update(s). cV=7YPG0Jirxn+jpHKzFA84Tc.0;server=GENERAL0100000Z;cloudType=Consumer;environment=Prod_SoutheastAsia}
{"logTime": "0920/040333", "correlationVector":"4UjoheiBkz+0Y2O0CRJRE/.0","action":"FeedSettingFetch_homeCloud", "result":"0", "context":{}}
{"logTime": "0920/040333", "correlationVector":"aWNfapOeegmEWrPhXtMcN5.1","action":"SyncServerConnectionManagerRequest", "result":"SYNC_SERVER_OK", "context":{"environment":"Prod_SoutheastAsia", "server":"GENERAL01000011"}}
{"logTime": "0920/040333", "correlationVector":"aWNfapOeegmEWrPhXtMcN5","action":"Initial GetUpdates", "result":"", "context":Reason: NEW_CLIENT. cV=aWNfapOeegmEWrPhXtMcN5}
{"logTime": "0920/040333", "correlationVector":"aWNfapOeegmEWrPhXtMcN5.2","action":"GetUpdates Response", "result":"SYNCER_OK", "context":Received 1 update(s). cV=aWNfapOeegmEWrPhXtMcN5.0;server=GENERAL01000011;cloudType=Consumer;environment=Prod_SoutheastAsia}
{"logTime": "0920/040333", "correlationVector":"nJ9GE7AM/rlBVM7wv49IxV","action":"SyncServerConnectionManagerRequest", "result":"SYNC_SERVER_OK", "context":{"environment":"", "server":""}}
{"logTime": "0920/040334", "correlationVector":"Ir+2FyJykKTzaX+QapORmr","action":"Normal GetUpdate request", "result":"", "context":cV=Ir+2FyJykKTzaX+QapORmr
Refresh requested types: Device Info, User Consents, Send Tab To Self, Encryption Keys}
{"logTime": "0920/040334", "correlationVector":"Ir+2FyJykKTzaX+QapORmr.1","action":"SyncServerConnectionManagerRequest", "result":"SYNC_SERVER_OK", "context":{"environment":"Prod_SoutheastAsia", "server":"GENERAL01000010"}}
{"logTime": "0920/040334", "correlationVector":"Ir+2FyJykKTzaX+QapORmr.2","action":"GetUpdates Response", "result":"SYNCER_OK", "context":Received 0 update(s). cV=Ir+2FyJykKTzaX+QapORmr.0;server=GENERAL01000010;cloudType=Consumer;environment=Prod_SoutheastAsia}
{"logTime": "0920/040334", "correlationVector":"QZKkZPn6FLCAERcRrYOT35","action":"Normal GetUpdate request", "result":"", "context":cV=QZKkZPn6FLCAERcRrYOT35
Refresh requested types: Device Info, User Consents, Send Tab To Self, Encryption Keys}
{"logTime": "0920/040334", "correlationVector":"QZKkZPn6FLCAERcRrYOT35.1","action":"SyncServerConnectionManagerRequest", "result":"SYNC_SERVER_OK", "context":{"environment":"Prod_SoutheastAsia", "server":"GENERAL0100000R"}}
{"logTime": "0920/040334", "correlationVector":"QZKkZPn6FLCAERcRrYOT35.2","action":"GetUpdates Response", "result":"SYNCER_OK", "context":Received 0 update(s). cV=QZKkZPn6FLCAERcRrYOT35.0;server=GENERAL0100000R;cloudType=Consumer;environment=Prod_SoutheastAsia}
{"logTime": "0920/040618", "correlationVector":"OWdIGxQ2n+vLu69YaG0p9g","action":"Poll GetUpdate request", "result":"", "context":cV=OWdIGxQ2n+vLu69YaG0p9g}
{"logTime": "0920/040619", "correlationVector":"OWdIGxQ2n+vLu69YaG0p9g.1","action":"SyncServerConnectionManagerRequest", "result":"SYNC_SERVER_OK", "context":{"environment":"Prod_SoutheastAsia", "server":"GENERAL0100001F"}}
{"logTime": "0920/040619", "correlationVector":"OWdIGxQ2n+vLu69YaG0p9g.2","action":"GetUpdates Response", "result":"SYNCER_OK", "context":Received 0 update(s). cV=OWdIGxQ2n+vLu69YaG0p9g.0;server=GENERAL0100001F;cloudType=Consumer;environment=Prod_SoutheastAsia}
{"logTime": "0920/041337", "correlationVector":"lSkg9KfNtGt0svJVPhNNpC.0","action":"FeedSettingFetch_homeCloud", "result":"0", "context":{}}
{"logTime": "0920/041337", "correlationVector":"YkausNg6lxkYyAC01D2lCq.1","action":"SyncServerConnectionManagerRequest", "result":"SYNC_SERVER_OK", "context":{"environment":"Prod_SoutheastAsia", "server":"GENERAL01000009"}}
{"logTime": "0920/041337", "correlationVector":"YkausNg6lxkYyAC01D2lCq","action":"Initial GetUpdates", "result":"", "context":Reason: NEW_CLIENT. cV=YkausNg6lxkYyAC01D2lCq}
{"logTime": "0920/041337", "correlationVector":"YkausNg6lxkYyAC01D2lCq.2","action":"GetUpdates Response", "result":"SYNCER_OK", "context":Received 1 update(s). cV=YkausNg6lxkYyAC01D2lCq.0;server=GENERAL01000009;cloudType=Consumer;environment=Prod_SoutheastAsia}
{"logTime": "0920/041337", "correlationVector":"Z3BkFMf5uDBcGuTIZg/pyF","action":"Normal GetUpdate request", "result":"", "context":cV=Z3BkFMf5uDBcGuTIZg/pyF
Refresh requested types: Device Info, User Consents, Send Tab To Self, Encryption Keys}
{"logTime": "0920/041337", "correlationVector":"Z3BkFMf5uDBcGuTIZg/pyF.1","action":"SyncServerConnectionManagerRequest", "result":"SYNC_SERVER_OK", "context":{"environment":"Prod_SoutheastAsia", "server":"GENERAL0100000Z"}}
{"logTime": "0920/041337", "correlationVector":"Z3BkFMf5uDBcGuTIZg/pyF.2","action":"GetUpdates Response", "result":"SYNCER_OK", "context":Received 0 update(s). cV=Z3BkFMf5uDBcGuTIZg/pyF.0;server=GENERAL0100000Z;cloudType=Consumer;environment=Prod_SoutheastAsia}
